<?xml version="1.0" encoding="UTF-8"?>
<!-- Generated by org.testng.reporters.JUnitReportReporter -->
<testsuite hostname="DESKTOP-UA7G0ND" failures="0" tests="1" name="AEcommerce_tests.RegisterUser" time="53.717" errors="0" timestamp="2024-11-17T21:04:10 IST" skipped="0">
  <testcase classname="AEcommerce_tests.RegisterUser" name="registerUser" time="53.717"/>
  <system-out/>
</testsuite> <!-- AEcommerce_tests.RegisterUser -->
